<?xml version="1.0" encoding="UTF-8"?>
<testsuite xmlns:xsi="http://www.w3.org/2001/XMLSchema-instance" xsi:schemaLocation="https://maven.apache.org/surefire/maven-surefire-plugin/xsd/surefire-test-report.xsd" name="pocDemoApp.cukes.DemoWebCukes" time="12.752" tests="1" errors="0" skipped="0" failures="0">
  <properties>
    <property name="idea.version" value="2022.2.2"/>
    <property name="app" value="pocDemoApp"/>
    <property name="java.runtime.name" value="OpenJDK Runtime Environment"/>
    <property name="sun.boot.library.path" value="C:\Users\jeromedoss.a\.jdks\corretto-1.8.0_342\jre\bin"/>
    <property name="runner" value="DemoWebCukes"/>
    <property name="java.vm.version" value="25.342-b07"/>
    <property name="java.vm.vendor" value="Amazon.com Inc."/>
    <property name="maven.multiModuleProjectDirectory" value="C:\Users\jeromedoss.a\Downloads\DemoFramework3-testing (2)\DemoFramework3-testing"/>
    <property name="java.vendor.url" value="https://aws.amazon.com/corretto/"/>
    <property name="path.separator" value=";"/>
    <property name="guice.disable.misplaced.annotation.check" value="true"/>
    <property name="java.vm.name" value="OpenJDK 64-Bit Server VM"/>
    <property name="file.encoding.pkg" value="sun.io"/>
    <property name="user.script" value=""/>
    <property name="user.country" value="US"/>
    <property name="sun.java.launcher" value="SUN_STANDARD"/>
    <property name="sun.os.patch.level" value=""/>
    <property name="java.vm.specification.name" value="Java Virtual Machine Specification"/>
    <property name="user.dir" value="C:\Users\jeromedoss.a\Downloads\DemoFramework3-testing (2)\DemoFramework3-testing"/>
    <property name="java.runtime.version" value="1.8.0_342-b07"/>
    <property name="java.awt.graphicsenv" value="sun.awt.Win32GraphicsEnvironment"/>
    <property name="java.endorsed.dirs" value="C:\Users\jeromedoss.a\.jdks\corretto-1.8.0_342\jre\lib\endorsed"/>
    <property name="os.arch" value="amd64"/>
    <property name="java.io.tmpdir" value="C:\Users\JEROME~1.A\AppData\Local\Temp\"/>
    <property name="line.separator" value="&#10;"/>
    <property name="java.vm.specification.vendor" value="Oracle Corporation"/>
    <property name="user.variant" value=""/>
    <property name="os.name" value="Windows 11"/>
    <property name="maven.ext.class.path" value="C:\Program Files\JetBrains\IntelliJ IDEA Community Edition 2022.2.2\plugins\maven\lib\maven-event-listener.jar"/>
    <property name="classworlds.conf" value="C:\Program Files\JetBrains\IntelliJ IDEA Community Edition 2022.2.2\plugins\maven\lib\maven3\bin\m2.conf"/>
    <property name="sun.jnu.encoding" value="Cp1252"/>
    <property name="execution_type" value="browser"/>
    <property name="java.library.path" value="C:\Users\jeromedoss.a\.jdks\corretto-1.8.0_342\bin;C:\WINDOWS\Sun\Java\bin;C:\WINDOWS\system32;C:\WINDOWS;C:\Windows\system32;C:\Windows;C:\Windows\System32\Wbem;C:\Windows\System32\WindowsPowerShell\v1.0\;C:\Windows\System32\OpenSSH\;C:\Program Files (x86)\Microsoft SQL Server\150\DTS\Binn\;C:\Program Files\Azure Data Studio\bin;C:\Program Files\dotnet\;C:\Program Files\Microsoft SQL Server\130\Tools\Binn\;C:\Program Files\Java\jdk1.8.0_202\bin;C:\Program Files\apache-maven-3.6.3\bin;C:\WINDOWS\system32;C:\WINDOWS;C:\WINDOWS\System32\Wbem;C:\WINDOWS\System32\WindowsPowerShell\v1.0\;C:\WINDOWS\System32\OpenSSH\;C:\Program Files\nodejs\;C:\Program Files\Git\cmd;C:\Users\jeromedoss.a\AppData\Local\Programs\Python\Python311\Scripts\;C:\Users\jeromedoss.a\AppData\Local\Programs\Python\Python311\;C:\Users\jeromedoss.a\AppData\Local\Microsoft\WindowsApps;C:\Users\jeromedoss.a\.dotnet\tools;C:\Program Files\JetBrains\IntelliJ IDEA Community Edition 2022.2.2\bin;;;C:\Users\jeromedoss.a\AppData\Local\Programs\Microsoft VS Code\bin;C:\Users\jeromedoss.a\AppData\Roaming\npm;."/>
    <property name="maven.conf" value="C:\Program Files\JetBrains\IntelliJ IDEA Community Edition 2022.2.2\plugins\maven\lib\maven3/conf"/>
    <property name="java.class.version" value="52.0"/>
    <property name="java.specification.name" value="Java Platform API Specification"/>
    <property name="sun.management.compiler" value="HotSpot 64-Bit Tiered Compilers"/>
    <property name="os.version" value="10.0"/>
    <property name="user.home" value="C:\Users\jeromedoss.a"/>
    <property name="user.timezone" value="Asia/Calcutta"/>
    <property name="java.awt.printerjob" value="sun.awt.windows.WPrinterJob"/>
    <property name="java.specification.version" value="1.8"/>
    <property name="file.encoding" value="UTF-8"/>
    <property name="user.name" value="jeromedoss.a"/>
    <property name="java.class.path" value="C:\Program Files\JetBrains\IntelliJ IDEA Community Edition 2022.2.2\plugins\maven\lib\maven3\boot\plexus-classworlds-2.6.0.jar;C:\Program Files\JetBrains\IntelliJ IDEA Community Edition 2022.2.2\plugins\maven\lib\maven3\boot\plexus-classworlds.license;C:\Program Files\JetBrains\IntelliJ IDEA Community Edition 2022.2.2\lib\idea_rt.jar"/>
    <property name="browser_name" value="chrome"/>
    <property name="java.vm.specification.version" value="1.8"/>
    <property name="sun.arch.data.model" value="64"/>
    <property name="java.home" value="C:\Users\jeromedoss.a\.jdks\corretto-1.8.0_342\jre"/>
    <property name="sun.java.command" value="org.codehaus.classworlds.Launcher -Didea.version=2022.2.2 clean test -Dapp=pocDemoApp -Drunner=DemoWebCukes -Dexecution_type=browser -Dbrowser_name=chrome -DargLine=-Dextent.reporter.spark.out=reports/Extent-Report/WebApp-QAResults.html -Dsysteminfo.AppName=Demo-QA"/>
    <property name="java.specification.vendor" value="Oracle Corporation"/>
    <property name="user.language" value="en"/>
    <property name="awt.toolkit" value="sun.awt.windows.WToolkit"/>
    <property name="java.vm.info" value="mixed mode"/>
    <property name="java.version" value="1.8.0_342"/>
    <property name="java.ext.dirs" value="C:\Users\jeromedoss.a\.jdks\corretto-1.8.0_342\jre\lib\ext;C:\WINDOWS\Sun\Java\lib\ext"/>
    <property name="sun.boot.class.path" value="C:\Users\jeromedoss.a\.jdks\corretto-1.8.0_342\jre\lib\resources.jar;C:\Users\jeromedoss.a\.jdks\corretto-1.8.0_342\jre\lib\rt.jar;C:\Users\jeromedoss.a\.jdks\corretto-1.8.0_342\jre\lib\sunrsasign.jar;C:\Users\jeromedoss.a\.jdks\corretto-1.8.0_342\jre\lib\jsse.jar;C:\Users\jeromedoss.a\.jdks\corretto-1.8.0_342\jre\lib\jce.jar;C:\Users\jeromedoss.a\.jdks\corretto-1.8.0_342\jre\lib\charsets.jar;C:\Users\jeromedoss.a\.jdks\corretto-1.8.0_342\jre\lib\jfr.jar;C:\Users\jeromedoss.a\.jdks\corretto-1.8.0_342\jre\classes"/>
    <property name="java.vendor" value="Amazon.com Inc."/>
    <property name="maven.home" value="C:\Program Files\JetBrains\IntelliJ IDEA Community Edition 2022.2.2\plugins\maven\lib\maven3"/>
    <property name="file.separator" value="\"/>
    <property name="java.vendor.url.bug" value="https://github.com/corretto/corretto-8/issues/"/>
    <property name="sun.cpu.endian" value="little"/>
    <property name="sun.io.unicode.encoding" value="UnicodeLittle"/>
    <property name="argLine" value="-Dextent.reporter.spark.out=reports/Extent-Report/WebApp-QAResults.html -Dsysteminfo.AppName=Demo-QA"/>
    <property name="sun.desktop" value="windows"/>
    <property name="sun.cpu.isalist" value="amd64"/>
  </properties>
  <testcase name="runScenario" classname="pocDemoApp.cukes.DemoWebCukes" time="9.932"/>
</testsuite>