<?xml version="1.0" encoding="UTF-8"?>
<!-- Generated by org.testng.reporters.JUnitReportReporter -->
<testsuite skipped="0" hostname="DESKTOP-81QG2MP" name="pocDemoApp.cukes.DemoWebCukes" tests="1" failures="0" timestamp="2022-12-13T16:21:50 IST" time="9.929" errors="0">
  <testcase name="runScenario" time="9.929" classname="pocDemoApp.cukes.DemoWebCukes"/>
  <system-out/>
</testsuite> <!-- pocDemoApp.cukes.DemoWebCukes -->
